<?xml version="1.0" encoding="UTF-8"?>
<!-- Generated by org.testng.reporters.JUnitReportReporter -->
<testsuite skipped="0" hostname="dell" name="Simple_code.NewTest" tests="1" failures="0" timestamp="10 Sep 2018 09:13:01 GMT" time="16.782" errors="0">
  <testcase name="f" time="16.782" classname="Simple_code.NewTest"/>
</testsuite> <!-- Simple_code.NewTest -->
